{"level":"info","message":"Server running on port 3000..."}
{"level":"info","message":"Connected to mongodb://localhost/themovie_test..."}
{"level":"error","message":"Cannot read properties of null (reading '0') Cannot read properties of null (reading '0')","stack":"TypeError: Cannot read properties of null (reading '0')\n    at /home/codereaper/Documents/node-practice/routes/returns.js:28:40\n    at processTicksAndRejections (node:internal/process/task_queues:95:5)"}
{"level":"error","message":"Cannot read properties of null (reading '0') Cannot read properties of null (reading '0')","stack":"TypeError: Cannot read properties of null (reading '0')\n    at /home/codereaper/Documents/node-practice/routes/returns.js:28:40\n    at processTicksAndRejections (node:internal/process/task_queues:95:5)"}
{"level":"error","message":"Cannot read properties of null (reading '0') Cannot read properties of null (reading '0')","stack":"TypeError: Cannot read properties of null (reading '0')\n    at /home/codereaper/Documents/node-practice/routes/returns.js:28:40\n    at processTicksAndRejections (node:internal/process/task_queues:95:5)"}
{"level":"error","message":"Cannot read properties of null (reading '0') Cannot read properties of null (reading '0')","stack":"TypeError: Cannot read properties of null (reading '0')\n    at /home/codereaper/Documents/node-practice/routes/returns.js:28:40\n    at processTicksAndRejections (node:internal/process/task_queues:95:5)"}
{"level":"info","message":"Server running on port 3000..."}
{"level":"info","message":"Connected to mongodb://localhost/themovie_test..."}
{"level":"info","message":"Server running on port 3000..."}
{"level":"info","message":"Connected to mongodb://localhost/themovie_test..."}
{"level":"error","message":"Cannot read properties of null (reading '0') Cannot read properties of null (reading '0')","stack":"TypeError: Cannot read properties of null (reading '0')\n    at /home/codereaper/Documents/node-practice/routes/returns.js:28:40\n    at processTicksAndRejections (node:internal/process/task_queues:95:5)"}
{"level":"error","message":"Cannot read properties of null (reading '0') Cannot read properties of null (reading '0')","stack":"TypeError: Cannot read properties of null (reading '0')\n    at /home/codereaper/Documents/node-practice/routes/returns.js:28:40\n    at processTicksAndRejections (node:internal/process/task_queues:95:5)"}
{"level":"error","message":"Cannot read properties of null (reading '0') Cannot read properties of null (reading '0')","stack":"TypeError: Cannot read properties of null (reading '0')\n    at /home/codereaper/Documents/node-practice/routes/returns.js:28:40\n    at processTicksAndRejections (node:internal/process/task_queues:95:5)"}
{"level":"error","message":"Cannot read properties of null (reading '0') Cannot read properties of null (reading '0')","stack":"TypeError: Cannot read properties of null (reading '0')\n    at /home/codereaper/Documents/node-practice/routes/returns.js:28:40\n    at processTicksAndRejections (node:internal/process/task_queues:95:5)"}
{"level":"info","message":"Server running on port 3000..."}
{"level":"info","message":"Connected to mongodb://localhost/themovie_test..."}
{"level":"error","message":"Cannot read properties of null (reading '0') Cannot read properties of null (reading '0')","stack":"TypeError: Cannot read properties of null (reading '0')\n    at /home/codereaper/Documents/node-practice/routes/returns.js:28:40\n    at processTicksAndRejections (node:internal/process/task_queues:95:5)"}
{"level":"error","message":"Cannot read properties of null (reading '0') Cannot read properties of null (reading '0')","stack":"TypeError: Cannot read properties of null (reading '0')\n    at /home/codereaper/Documents/node-practice/routes/returns.js:28:40\n    at processTicksAndRejections (node:internal/process/task_queues:95:5)"}
{"level":"error","message":"Cannot read properties of null (reading '0') Cannot read properties of null (reading '0')","stack":"TypeError: Cannot read properties of null (reading '0')\n    at /home/codereaper/Documents/node-practice/routes/returns.js:28:40\n    at processTicksAndRejections (node:internal/process/task_queues:95:5)"}
{"level":"error","message":"Cannot read properties of null (reading '0') Cannot read properties of null (reading '0')","stack":"TypeError: Cannot read properties of null (reading '0')\n    at /home/codereaper/Documents/node-practice/routes/returns.js:28:40\n    at processTicksAndRejections (node:internal/process/task_queues:95:5)"}
{"level":"info","message":"Server running on port 3000..."}
{"level":"info","message":"Connected to mongodb://localhost/themovie_test..."}
{"level":"error","message":"Cannot read properties of null (reading '0') Cannot read properties of null (reading '0')","stack":"TypeError: Cannot read properties of null (reading '0')\n    at /home/codereaper/Documents/node-practice/routes/returns.js:28:40\n    at processTicksAndRejections (node:internal/process/task_queues:95:5)"}
{"level":"error","message":"Cannot read properties of null (reading '0') Cannot read properties of null (reading '0')","stack":"TypeError: Cannot read properties of null (reading '0')\n    at /home/codereaper/Documents/node-practice/routes/returns.js:28:40\n    at processTicksAndRejections (node:internal/process/task_queues:95:5)"}
{"level":"error","message":"Cannot read properties of null (reading '0') Cannot read properties of null (reading '0')","stack":"TypeError: Cannot read properties of null (reading '0')\n    at /home/codereaper/Documents/node-practice/routes/returns.js:28:40\n    at processTicksAndRejections (node:internal/process/task_queues:95:5)"}
{"level":"error","message":"Cannot read properties of null (reading '0') Cannot read properties of null (reading '0')","stack":"TypeError: Cannot read properties of null (reading '0')\n    at /home/codereaper/Documents/node-practice/routes/returns.js:28:40\n    at processTicksAndRejections (node:internal/process/task_queues:95:5)"}
{"level":"info","message":"Server running on port 3000..."}
{"level":"info","message":"Connected to mongodb://localhost/themovie_test..."}
{"level":"error","message":"Cannot read properties of null (reading '0') Cannot read properties of null (reading '0')","stack":"TypeError: Cannot read properties of null (reading '0')\n    at /home/codereaper/Documents/node-practice/routes/returns.js:28:40\n    at processTicksAndRejections (node:internal/process/task_queues:95:5)"}
{"level":"error","message":"Cannot read properties of null (reading '0') Cannot read properties of null (reading '0')","stack":"TypeError: Cannot read properties of null (reading '0')\n    at /home/codereaper/Documents/node-practice/routes/returns.js:28:40\n    at processTicksAndRejections (node:internal/process/task_queues:95:5)"}
{"level":"error","message":"Cannot read properties of null (reading '0') Cannot read properties of null (reading '0')","stack":"TypeError: Cannot read properties of null (reading '0')\n    at /home/codereaper/Documents/node-practice/routes/returns.js:28:40\n    at processTicksAndRejections (node:internal/process/task_queues:95:5)"}
{"level":"error","message":"Cannot read properties of null (reading '0') Cannot read properties of null (reading '0')","stack":"TypeError: Cannot read properties of null (reading '0')\n    at /home/codereaper/Documents/node-practice/routes/returns.js:28:40\n    at processTicksAndRejections (node:internal/process/task_queues:95:5)"}
{"level":"info","message":"Server running on port 3000..."}
{"level":"info","message":"Connected to mongodb://localhost/themovie_test..."}
{"level":"error","message":"Cannot read properties of null (reading '0') Cannot read properties of null (reading '0')","stack":"TypeError: Cannot read properties of null (reading '0')\n    at /home/codereaper/Documents/node-practice/routes/returns.js:28:40\n    at processTicksAndRejections (node:internal/process/task_queues:95:5)"}
{"level":"error","message":"Cannot read properties of null (reading '0') Cannot read properties of null (reading '0')","stack":"TypeError: Cannot read properties of null (reading '0')\n    at /home/codereaper/Documents/node-practice/routes/returns.js:28:40\n    at processTicksAndRejections (node:internal/process/task_queues:95:5)"}
{"level":"error","message":"Cannot read properties of null (reading '0') Cannot read properties of null (reading '0')","stack":"TypeError: Cannot read properties of null (reading '0')\n    at /home/codereaper/Documents/node-practice/routes/returns.js:28:40\n    at processTicksAndRejections (node:internal/process/task_queues:95:5)"}
{"level":"error","message":"Cannot read properties of null (reading '0') Cannot read properties of null (reading '0')","stack":"TypeError: Cannot read properties of null (reading '0')\n    at /home/codereaper/Documents/node-practice/routes/returns.js:28:40\n    at processTicksAndRejections (node:internal/process/task_queues:95:5)"}
{"level":"info","message":"Server running on port 3000..."}
{"level":"info","message":"Connected to mongodb://localhost/themovie_test..."}
{"level":"error","message":"Cannot read properties of null (reading '0') Cannot read properties of null (reading '0')","stack":"TypeError: Cannot read properties of null (reading '0')\n    at /home/codereaper/Documents/node-practice/routes/returns.js:28:40\n    at processTicksAndRejections (node:internal/process/task_queues:95:5)"}
{"level":"error","message":"Cannot read properties of null (reading '0') Cannot read properties of null (reading '0')","stack":"TypeError: Cannot read properties of null (reading '0')\n    at /home/codereaper/Documents/node-practice/routes/returns.js:28:40\n    at processTicksAndRejections (node:internal/process/task_queues:95:5)"}
{"level":"error","message":"Cannot read properties of null (reading '0') Cannot read properties of null (reading '0')","stack":"TypeError: Cannot read properties of null (reading '0')\n    at /home/codereaper/Documents/node-practice/routes/returns.js:28:40\n    at processTicksAndRejections (node:internal/process/task_queues:95:5)"}
{"level":"error","message":"Cannot read properties of null (reading '0') Cannot read properties of null (reading '0')","stack":"TypeError: Cannot read properties of null (reading '0')\n    at /home/codereaper/Documents/node-practice/routes/returns.js:28:40\n    at processTicksAndRejections (node:internal/process/task_queues:95:5)"}
{"level":"info","message":"Server running on port 3000..."}
{"level":"info","message":"Connected to mongodb://localhost/themovie_test..."}
{"level":"error","message":"Cannot read properties of null (reading '0') Cannot read properties of null (reading '0')","stack":"TypeError: Cannot read properties of null (reading '0')\n    at /home/codereaper/Documents/node-practice/routes/returns.js:28:40\n    at processTicksAndRejections (node:internal/process/task_queues:95:5)"}
{"level":"error","message":"Cannot read properties of null (reading '0') Cannot read properties of null (reading '0')","stack":"TypeError: Cannot read properties of null (reading '0')\n    at /home/codereaper/Documents/node-practice/routes/returns.js:28:40\n    at processTicksAndRejections (node:internal/process/task_queues:95:5)"}
{"level":"error","message":"Cannot read properties of null (reading '0') Cannot read properties of null (reading '0')","stack":"TypeError: Cannot read properties of null (reading '0')\n    at /home/codereaper/Documents/node-practice/routes/returns.js:28:40\n    at processTicksAndRejections (node:internal/process/task_queues:95:5)"}
{"level":"error","message":"Cannot read properties of null (reading '0') Cannot read properties of null (reading '0')","stack":"TypeError: Cannot read properties of null (reading '0')\n    at /home/codereaper/Documents/node-practice/routes/returns.js:28:40\n    at processTicksAndRejections (node:internal/process/task_queues:95:5)"}
{"level":"info","message":"Server running on port 3000..."}
{"level":"info","message":"Connected to mongodb://localhost/themovie_test..."}
{"level":"error","message":"Cannot read properties of null (reading '0') Cannot read properties of null (reading '0')","stack":"TypeError: Cannot read properties of null (reading '0')\n    at /home/codereaper/Documents/node-practice/routes/returns.js:28:40\n    at processTicksAndRejections (node:internal/process/task_queues:95:5)"}
{"level":"error","message":"Cannot read properties of null (reading '0') Cannot read properties of null (reading '0')","stack":"TypeError: Cannot read properties of null (reading '0')\n    at /home/codereaper/Documents/node-practice/routes/returns.js:28:40\n    at processTicksAndRejections (node:internal/process/task_queues:95:5)"}
{"level":"error","message":"Cannot read properties of null (reading '0') Cannot read properties of null (reading '0')","stack":"TypeError: Cannot read properties of null (reading '0')\n    at /home/codereaper/Documents/node-practice/routes/returns.js:28:40\n    at processTicksAndRejections (node:internal/process/task_queues:95:5)"}
{"level":"error","message":"Cannot read properties of null (reading '0') Cannot read properties of null (reading '0')","stack":"TypeError: Cannot read properties of null (reading '0')\n    at /home/codereaper/Documents/node-practice/routes/returns.js:28:40\n    at processTicksAndRejections (node:internal/process/task_queues:95:5)"}
{"level":"info","message":"Server running on port 3000..."}
{"level":"info","message":"Connected to mongodb://localhost/themovie_test..."}
{"level":"error","message":"Cannot read properties of null (reading '0') Cannot read properties of null (reading '0')","stack":"TypeError: Cannot read properties of null (reading '0')\n    at /home/codereaper/Documents/node-practice/routes/returns.js:28:40\n    at processTicksAndRejections (node:internal/process/task_queues:95:5)"}
{"level":"error","message":"Cannot read properties of null (reading '0') Cannot read properties of null (reading '0')","stack":"TypeError: Cannot read properties of null (reading '0')\n    at /home/codereaper/Documents/node-practice/routes/returns.js:28:40\n    at processTicksAndRejections (node:internal/process/task_queues:95:5)"}
{"level":"error","message":"Cannot read properties of null (reading '0') Cannot read properties of null (reading '0')","stack":"TypeError: Cannot read properties of null (reading '0')\n    at /home/codereaper/Documents/node-practice/routes/returns.js:28:40\n    at processTicksAndRejections (node:internal/process/task_queues:95:5)"}
{"level":"error","message":"Cannot read properties of null (reading '0') Cannot read properties of null (reading '0')","stack":"TypeError: Cannot read properties of null (reading '0')\n    at /home/codereaper/Documents/node-practice/routes/returns.js:28:40\n    at processTicksAndRejections (node:internal/process/task_queues:95:5)"}
{"level":"info","message":"Server running on port 3000..."}
{"level":"info","message":"Connected to mongodb://localhost/themovie_test..."}
{"level":"error","message":"Cannot read properties of null (reading '0') Cannot read properties of null (reading '0')","stack":"TypeError: Cannot read properties of null (reading '0')\n    at /home/codereaper/Documents/node-practice/routes/returns.js:28:40\n    at processTicksAndRejections (node:internal/process/task_queues:95:5)"}
{"level":"error","message":"Cannot read properties of null (reading '0') Cannot read properties of null (reading '0')","stack":"TypeError: Cannot read properties of null (reading '0')\n    at /home/codereaper/Documents/node-practice/routes/returns.js:28:40\n    at processTicksAndRejections (node:internal/process/task_queues:95:5)"}
{"level":"error","message":"Cannot read properties of null (reading '0') Cannot read properties of null (reading '0')","stack":"TypeError: Cannot read properties of null (reading '0')\n    at /home/codereaper/Documents/node-practice/routes/returns.js:28:40\n    at processTicksAndRejections (node:internal/process/task_queues:95:5)"}
{"level":"error","message":"Cannot read properties of null (reading '0') Cannot read properties of null (reading '0')","stack":"TypeError: Cannot read properties of null (reading '0')\n    at /home/codereaper/Documents/node-practice/routes/returns.js:28:40\n    at processTicksAndRejections (node:internal/process/task_queues:95:5)"}
{"level":"info","message":"Server running on port 3000..."}
{"level":"info","message":"Connected to mongodb://localhost/themovie_test..."}
{"level":"error","message":"Cannot read properties of null (reading '0') Cannot read properties of null (reading '0')","stack":"TypeError: Cannot read properties of null (reading '0')\n    at /home/codereaper/Documents/node-practice/routes/returns.js:28:40\n    at processTicksAndRejections (node:internal/process/task_queues:95:5)"}
{"level":"error","message":"Cannot read properties of null (reading '0') Cannot read properties of null (reading '0')","stack":"TypeError: Cannot read properties of null (reading '0')\n    at /home/codereaper/Documents/node-practice/routes/returns.js:28:40\n    at processTicksAndRejections (node:internal/process/task_queues:95:5)"}
{"level":"error","message":"Cannot read properties of null (reading '0') Cannot read properties of null (reading '0')","stack":"TypeError: Cannot read properties of null (reading '0')\n    at /home/codereaper/Documents/node-practice/routes/returns.js:28:40\n    at processTicksAndRejections (node:internal/process/task_queues:95:5)"}
{"level":"error","message":"Cannot read properties of null (reading '0') Cannot read properties of null (reading '0')","stack":"TypeError: Cannot read properties of null (reading '0')\n    at /home/codereaper/Documents/node-practice/routes/returns.js:28:40\n    at processTicksAndRejections (node:internal/process/task_queues:95:5)"}
{"level":"info","message":"Server running on port 3000..."}
{"level":"info","message":"Connected to mongodb://localhost/themovie_test..."}
{"level":"error","message":"Cannot read properties of null (reading '0') Cannot read properties of null (reading '0')","stack":"TypeError: Cannot read properties of null (reading '0')\n    at /home/codereaper/Documents/node-practice/routes/returns.js:28:40\n    at processTicksAndRejections (node:internal/process/task_queues:95:5)"}
{"level":"error","message":"Cannot read properties of null (reading '0') Cannot read properties of null (reading '0')","stack":"TypeError: Cannot read properties of null (reading '0')\n    at /home/codereaper/Documents/node-practice/routes/returns.js:28:40\n    at processTicksAndRejections (node:internal/process/task_queues:95:5)"}
{"level":"error","message":"Cannot read properties of null (reading '0') Cannot read properties of null (reading '0')","stack":"TypeError: Cannot read properties of null (reading '0')\n    at /home/codereaper/Documents/node-practice/routes/returns.js:28:40\n    at processTicksAndRejections (node:internal/process/task_queues:95:5)"}
{"level":"error","message":"Cannot read properties of null (reading '0') Cannot read properties of null (reading '0')","stack":"TypeError: Cannot read properties of null (reading '0')\n    at /home/codereaper/Documents/node-practice/routes/returns.js:28:40\n    at processTicksAndRejections (node:internal/process/task_queues:95:5)"}
{"level":"info","message":"Server running on port 3000..."}
{"level":"info","message":"Connected to mongodb://localhost/themovie_test..."}
{"level":"error","message":"Cannot read properties of null (reading '0') Cannot read properties of null (reading '0')","stack":"TypeError: Cannot read properties of null (reading '0')\n    at /home/codereaper/Documents/node-practice/routes/returns.js:28:40\n    at processTicksAndRejections (node:internal/process/task_queues:95:5)"}
{"level":"error","message":"Cannot read properties of null (reading '0') Cannot read properties of null (reading '0')","stack":"TypeError: Cannot read properties of null (reading '0')\n    at /home/codereaper/Documents/node-practice/routes/returns.js:28:40\n    at processTicksAndRejections (node:internal/process/task_queues:95:5)"}
{"level":"error","message":"Cannot read properties of null (reading '0') Cannot read properties of null (reading '0')","stack":"TypeError: Cannot read properties of null (reading '0')\n    at /home/codereaper/Documents/node-practice/routes/returns.js:28:40\n    at processTicksAndRejections (node:internal/process/task_queues:95:5)"}
{"level":"error","message":"Cannot read properties of null (reading '0') Cannot read properties of null (reading '0')","stack":"TypeError: Cannot read properties of null (reading '0')\n    at /home/codereaper/Documents/node-practice/routes/returns.js:28:40\n    at processTicksAndRejections (node:internal/process/task_queues:95:5)"}
{"level":"info","message":"Server running on port 3000..."}
{"level":"info","message":"Connected to mongodb://localhost/themovie_test..."}
{"level":"error","message":"Cannot read properties of null (reading '0') Cannot read properties of null (reading '0')","stack":"TypeError: Cannot read properties of null (reading '0')\n    at /home/codereaper/Documents/node-practice/routes/returns.js:28:40\n    at processTicksAndRejections (node:internal/process/task_queues:95:5)"}
{"level":"error","message":"Cannot read properties of null (reading '0') Cannot read properties of null (reading '0')","stack":"TypeError: Cannot read properties of null (reading '0')\n    at /home/codereaper/Documents/node-practice/routes/returns.js:28:40\n    at processTicksAndRejections (node:internal/process/task_queues:95:5)"}
{"level":"error","message":"Cannot read properties of null (reading '0') Cannot read properties of null (reading '0')","stack":"TypeError: Cannot read properties of null (reading '0')\n    at /home/codereaper/Documents/node-practice/routes/returns.js:28:40\n    at processTicksAndRejections (node:internal/process/task_queues:95:5)"}
{"level":"error","message":"Cannot read properties of null (reading '0') Cannot read properties of null (reading '0')","stack":"TypeError: Cannot read properties of null (reading '0')\n    at /home/codereaper/Documents/node-practice/routes/returns.js:28:40\n    at processTicksAndRejections (node:internal/process/task_queues:95:5)"}
{"level":"info","message":"Server running on port 3000..."}
{"level":"info","message":"Connected to mongodb://localhost/themovie_test..."}
{"level":"error","message":"Cannot read properties of null (reading '0') Cannot read properties of null (reading '0')","stack":"TypeError: Cannot read properties of null (reading '0')\n    at /home/codereaper/Documents/node-practice/routes/returns.js:28:40\n    at processTicksAndRejections (node:internal/process/task_queues:95:5)"}
{"level":"error","message":"Cannot read properties of null (reading '0') Cannot read properties of null (reading '0')","stack":"TypeError: Cannot read properties of null (reading '0')\n    at /home/codereaper/Documents/node-practice/routes/returns.js:28:40\n    at processTicksAndRejections (node:internal/process/task_queues:95:5)"}
{"level":"error","message":"Cannot read properties of null (reading '0') Cannot read properties of null (reading '0')","stack":"TypeError: Cannot read properties of null (reading '0')\n    at /home/codereaper/Documents/node-practice/routes/returns.js:28:40\n    at processTicksAndRejections (node:internal/process/task_queues:95:5)"}
{"level":"error","message":"Cannot read properties of null (reading '0') Cannot read properties of null (reading '0')","stack":"TypeError: Cannot read properties of null (reading '0')\n    at /home/codereaper/Documents/node-practice/routes/returns.js:28:40\n    at processTicksAndRejections (node:internal/process/task_queues:95:5)"}
{"level":"info","message":"Server running on port 3000..."}
{"level":"info","message":"Connected to mongodb://localhost/themovie_test..."}
{"level":"error","message":"Cannot read properties of null (reading '0') Cannot read properties of null (reading '0')","stack":"TypeError: Cannot read properties of null (reading '0')\n    at /home/codereaper/Documents/node-practice/routes/returns.js:28:40\n    at processTicksAndRejections (node:internal/process/task_queues:95:5)"}
{"level":"error","message":"Cannot read properties of null (reading '0') Cannot read properties of null (reading '0')","stack":"TypeError: Cannot read properties of null (reading '0')\n    at /home/codereaper/Documents/node-practice/routes/returns.js:28:40\n    at processTicksAndRejections (node:internal/process/task_queues:95:5)"}
{"level":"error","message":"Cannot read properties of null (reading '0') Cannot read properties of null (reading '0')","stack":"TypeError: Cannot read properties of null (reading '0')\n    at /home/codereaper/Documents/node-practice/routes/returns.js:28:40\n    at processTicksAndRejections (node:internal/process/task_queues:95:5)"}
{"level":"error","message":"Cannot read properties of null (reading '0') Cannot read properties of null (reading '0')","stack":"TypeError: Cannot read properties of null (reading '0')\n    at /home/codereaper/Documents/node-practice/routes/returns.js:28:40\n    at processTicksAndRejections (node:internal/process/task_queues:95:5)"}
{"level":"info","message":"Server running on port 3000..."}
{"level":"info","message":"Connected to mongodb://localhost/themovie..."}
{"level":"info","message":"Server running on port 3000..."}
{"level":"info","message":"Connected to mongodb://localhost/themovie..."}
{"level":"info","message":"Server running on port 3000..."}
{"level":"info","message":"Connected to mongodb://localhost/themovie..."}
{"level":"info","message":"Connected to mongodb://localhost/themovie_test..."}
{"level":"info","message":"Server running on port 3000..."}
{"level":"error","message":"Cannot read properties of null (reading '0') Cannot read properties of null (reading '0')","stack":"TypeError: Cannot read properties of null (reading '0')\n    at /home/codereaper/Documents/node-practice/routes/returns.js:28:40\n    at processTicksAndRejections (node:internal/process/task_queues:95:5)"}
{"level":"error","message":"Cannot read properties of null (reading '0') Cannot read properties of null (reading '0')","stack":"TypeError: Cannot read properties of null (reading '0')\n    at /home/codereaper/Documents/node-practice/routes/returns.js:28:40\n    at processTicksAndRejections (node:internal/process/task_queues:95:5)"}
{"level":"error","message":"Cannot read properties of null (reading '0') Cannot read properties of null (reading '0')","stack":"TypeError: Cannot read properties of null (reading '0')\n    at /home/codereaper/Documents/node-practice/routes/returns.js:28:40\n    at processTicksAndRejections (node:internal/process/task_queues:95:5)"}
{"level":"error","message":"Cannot read properties of null (reading '0') Cannot read properties of null (reading '0')","stack":"TypeError: Cannot read properties of null (reading '0')\n    at /home/codereaper/Documents/node-practice/routes/returns.js:28:40\n    at processTicksAndRejections (node:internal/process/task_queues:95:5)"}
{"level":"info","message":"Connected to mongodb://localhost/themovie_test..."}
{"level":"info","message":"Server running on port 3000..."}
{"level":"error","message":"Cannot read properties of null (reading '0') Cannot read properties of null (reading '0')","stack":"TypeError: Cannot read properties of null (reading '0')\n    at /home/codereaper/Documents/node-practice/routes/returns.js:28:40\n    at processTicksAndRejections (node:internal/process/task_queues:95:5)"}
{"level":"error","message":"Cannot read properties of null (reading '0') Cannot read properties of null (reading '0')","stack":"TypeError: Cannot read properties of null (reading '0')\n    at /home/codereaper/Documents/node-practice/routes/returns.js:28:40\n    at processTicksAndRejections (node:internal/process/task_queues:95:5)"}
{"level":"error","message":"Cannot read properties of null (reading '0') Cannot read properties of null (reading '0')","stack":"TypeError: Cannot read properties of null (reading '0')\n    at /home/codereaper/Documents/node-practice/routes/returns.js:28:40\n    at processTicksAndRejections (node:internal/process/task_queues:95:5)"}
{"level":"error","message":"Cannot read properties of null (reading '0') Cannot read properties of null (reading '0')","stack":"TypeError: Cannot read properties of null (reading '0')\n    at /home/codereaper/Documents/node-practice/routes/returns.js:28:40\n    at processTicksAndRejections (node:internal/process/task_queues:95:5)"}
{"level":"info","message":"Server running on port 3000..."}
{"level":"info","message":"Connected to mongodb://localhost/themovie..."}
{"level":"info","message":"Connected to mongodb://localhost/themovie_test..."}
{"level":"info","message":"Server running on port 3000..."}
{"level":"error","message":"Cannot read properties of null (reading '0') Cannot read properties of null (reading '0')","stack":"TypeError: Cannot read properties of null (reading '0')\n    at /home/codereaper/Documents/node-practice/routes/returns.js:28:40\n    at processTicksAndRejections (node:internal/process/task_queues:95:5)"}
{"level":"error","message":"Cannot read properties of null (reading '0') Cannot read properties of null (reading '0')","stack":"TypeError: Cannot read properties of null (reading '0')\n    at /home/codereaper/Documents/node-practice/routes/returns.js:28:40\n    at processTicksAndRejections (node:internal/process/task_queues:95:5)"}
{"level":"error","message":"Cannot read properties of null (reading '0') Cannot read properties of null (reading '0')","stack":"TypeError: Cannot read properties of null (reading '0')\n    at /home/codereaper/Documents/node-practice/routes/returns.js:28:40\n    at processTicksAndRejections (node:internal/process/task_queues:95:5)"}
{"level":"error","message":"Cannot read properties of null (reading '0') Cannot read properties of null (reading '0')","stack":"TypeError: Cannot read properties of null (reading '0')\n    at /home/codereaper/Documents/node-practice/routes/returns.js:28:40\n    at processTicksAndRejections (node:internal/process/task_queues:95:5)"}
{"level":"info","message":"Server running on port 3000..."}
{"level":"info","message":"Connected to mongodb://localhost/themovie..."}
{"level":"info","message":"Connected to mongodb://localhost/themovie_test..."}
{"level":"info","message":"Server running on port 3000..."}
{"level":"error","message":"Cannot read properties of null (reading '0') Cannot read properties of null (reading '0')","stack":"TypeError: Cannot read properties of null (reading '0')\n    at /home/codereaper/Documents/node-practice/routes/returns.js:28:40\n    at processTicksAndRejections (node:internal/process/task_queues:95:5)"}
{"level":"error","message":"Cannot read properties of null (reading '0') Cannot read properties of null (reading '0')","stack":"TypeError: Cannot read properties of null (reading '0')\n    at /home/codereaper/Documents/node-practice/routes/returns.js:28:40\n    at processTicksAndRejections (node:internal/process/task_queues:95:5)"}
{"level":"error","message":"Cannot read properties of null (reading '0') Cannot read properties of null (reading '0')","stack":"TypeError: Cannot read properties of null (reading '0')\n    at /home/codereaper/Documents/node-practice/routes/returns.js:28:40\n    at processTicksAndRejections (node:internal/process/task_queues:95:5)"}
{"level":"info","message":"Server running on port 3000..."}
{"level":"info","message":"Connected to mongodb://localhost/themovie..."}
{"level":"info","message":"Connected to mongodb://localhost/themovie_test..."}
{"level":"info","message":"Server running on port 3000..."}
{"level":"error","message":"Cannot read properties of null (reading '0') Cannot read properties of null (reading '0')","stack":"TypeError: Cannot read properties of null (reading '0')\n    at /home/codereaper/Documents/node-practice/routes/returns.js:28:40\n    at processTicksAndRejections (node:internal/process/task_queues:95:5)"}
{"level":"error","message":"Cannot read properties of null (reading '0') Cannot read properties of null (reading '0')","stack":"TypeError: Cannot read properties of null (reading '0')\n    at /home/codereaper/Documents/node-practice/routes/returns.js:28:40\n    at processTicksAndRejections (node:internal/process/task_queues:95:5)"}
{"level":"error","message":"Cannot read properties of null (reading '0') Cannot read properties of null (reading '0')","stack":"TypeError: Cannot read properties of null (reading '0')\n    at /home/codereaper/Documents/node-practice/routes/returns.js:28:40\n    at processTicksAndRejections (node:internal/process/task_queues:95:5)"}
{"level":"error","message":"Cannot read properties of null (reading '0') Cannot read properties of null (reading '0')","stack":"TypeError: Cannot read properties of null (reading '0')\n    at /home/codereaper/Documents/node-practice/routes/returns.js:28:40\n    at processTicksAndRejections (node:internal/process/task_queues:95:5)"}
{"kind":"ObjectId","level":"error","message":"Cast to ObjectId failed for value \"6542a424eeef30fcd5ab8eb24\" (type string) at path \"_id\" for model \"Rental\" Cast to ObjectId failed for value \"6542a424eeef30fcd5ab8eb24\" (type string) at path \"_id\" for model \"Rental\"","path":"_id","reason":{},"stack":"CastError: Cast to ObjectId failed for value \"6542a424eeef30fcd5ab8eb24\" (type string) at path \"_id\" for model \"Rental\"\n    at ObjectId.cast (/home/codereaper/Documents/node-practice/node_modules/mongoose/lib/schema/objectid.js:250:11)\n    at SchemaType.applySetters (/home/codereaper/Documents/node-practice/node_modules/mongoose/lib/schematype.js:1219:12)\n    at SchemaType.castForQuery (/home/codereaper/Documents/node-practice/node_modules/mongoose/lib/schematype.js:1631:15)\n    at cast (/home/codereaper/Documents/node-practice/node_modules/mongoose/lib/cast.js:375:32)\n    at Query.cast (/home/codereaper/Documents/node-practice/node_modules/mongoose/lib/query.js:4910:12)\n    at Query._castConditions (/home/codereaper/Documents/node-practice/node_modules/mongoose/lib/query.js:2232:10)\n    at model.Query._findOne (/home/codereaper/Documents/node-practice/node_modules/mongoose/lib/query.js:2519:8)\n    at model.Query.exec (/home/codereaper/Documents/node-practice/node_modules/mongoose/lib/query.js:4430:28)\n    at process.processTicksAndRejections (node:internal/process/task_queues:95:5)\n    at async /home/codereaper/Documents/node-practice/routes/returns.js:15:18","stringValue":"\"6542a424eeef30fcd5ab8eb24\"","value":"6542a424eeef30fcd5ab8eb24","valueType":"string"}
